#
# A fatal error has been detected by the Java Runtime Environment:
#
#  SIGSEGV (0xb) at pc=0x000000010af85658, pid=87504, tid=0x0000000000004307
#
# JRE version: Java(TM) SE Runtime Environment (8.0_101-b13) (build 1.8.0_101-b13)
# Java VM: Java HotSpot(TM) 64-Bit Server VM (25.101-b13 mixed mode bsd-amd64 compressed oops)
# Problematic frame:
# V  [libjvm.dylib+0x385658]  JvmtiEnv::GetClassMethods(oopDesc*, int*, _jmethodID***)+0x122
#
# Failed to write core dump. Core dumps have been disabled. To enable core dumping, try "ulimit -c unlimited" before starting Java again
#
# If you would like to submit a bug report, please visit:
#   http://bugreport.java.com/bugreport/crash.jsp
#

---------------  T H R E A D  ---------------

Current thread (0x00007ffd15807000):  JavaThread "JDWP Transport Listener: dt_socket" daemon [_thread_in_vm, id=17159, stack(0x000070000cc5b000,0x000070000cd5b000)]

siginfo: si_signo: 11 (SIGSEGV), si_code: 1 (SEGV_MAPERR), si_addr: 0x00007ffd82a05770

Registers:
RAX=0x00007ffd15624a50, RBX=0x00000007c0066078, RCX=0x0000000000000001, RDX=0x00007ffd154142f0
RSP=0x000070000cd5a990, RBP=0x000070000cd5aa10, RSI=0x0000000000000000, RDI=0x00007ffd15413960
R8 =0x000070000cd5a8d8, R9 =0x000070000cd5a8d0, R10=0x00007ffd15624da0, R11=0x0000000000000014
R12=0x0000000000000007, R13=0x000000000da7c250, R14=0x0000000000000008, R15=0x00007ffd156244f0
RIP=0x000000010af85658, EFLAGS=0x0000000000010206, ERR=0x0000000000000006
  TRAPNO=0x000000000000000e

Top of Stack: (sp=0x000070000cd5a990)
0x000070000cd5a990:   000070000cd5a9a0 0000000000000008
0x000070000cd5a9a0:   000070000cd5aaa4 000070000cd5aa98
0x000070000cd5a9b0:   00007ffd15807000 00007ffd154129f0
0x000070000cd5a9c0:   00007ffd15414200 00007ffd15414210
0x000070000cd5a9d0:   00007ffd154142e8 00000000000000d8
0x000070000cd5a9e0:   000070000cd5add0 000070000cd5aa98
0x000070000cd5a9f0:   00007ffd17102a10 00007ffd15807000
0x000070000cd5aa00:   000070000cd5aaa4 000000076b3835c0
0x000070000cd5aa10:   000070000cd5aa80 000000010af59fc3
0x000070000cd5aa20:   00007ffd15807000 00007ffd15807000
0x000070000cd5aa30:   0000000000000000 0000700000000000
0x000070000cd5aa40:   0000000000000000 00007ffd15807000
0x000070000cd5aa50:   00007ffd15807000 0000000000000001
0x000070000cd5aa60:   00007ffd17300b68 00007ffd15702610
0x000070000cd5aa70:   000070000cd5ab28 000070000cd5acb0
0x000070000cd5aa80:   000070000cd5aaf0 000000010bbd7195
0x000070000cd5aa90:   000070000cd5aac0 0000000000000000
0x000070000cd5aaa0:   0000000000000032 000070000cd5ab28
0x000070000cd5aab0:   000070000cd5ab28 000000010bc05598
0x000070000cd5aac0:   000070000cd5aae0 000070000cd5acb0
0x000070000cd5aad0:   000000010bbf9e7a 00007ffd15702610
0x000070000cd5aae0:   000070000cd5ab28 000000010bc05598
0x000070000cd5aaf0:   000070000cd5ab00 000000010bbd72ec
0x000070000cd5ab00:   000070000cd5ad20 000000010bbe0898
0x000070000cd5ab10:   0002817d00000013 00000000000f0200
0x000070000cd5ab20:   00007ffd157063e0 000070000cd5ab78
0x000070000cd5ab30:   000000000000012c 000070000cd5ab40
0x000070000cd5ab40:   0000000000000000 000070000cd5ab78
0x000070000cd5ab50:   0000000000000000 00007f0000000000
0x000070000cd5ab60:   0002817d00000099 00007ffd00004580
0x000070000cd5ab70:   000070000cd5ab78 50414d538a000000
0x000070000cd5ab80:   506d6f646e61520a 656e6547746e696f 

Instructions: (pc=0x000000010af85658)
0x000000010af85638:   45 31 e4 48 8b 83 80 01 00 00 48 8b 8b a0 01 00
0x000000010af85648:   00 4e 63 6c a1 04 4a 8b 7c e0 08 e8 8c ff f9 ff
0x000000010af85658:   4b 89 04 ef 49 ff c4 4d 39 e6 75 d7 48 8b 45 88
0x000000010af85668:   48 8b 55 90 89 02 48 8b 4d 98 4c 89 39 31 db 48 

Register to memory mapping:

RAX=0x00007ffd15624a50 is an unknown value
RBX=0x00000007c0066078 is pointing into metadata
RCX=0x0000000000000001 is an unknown value
RDX=0x00007ffd154142f0 is an unknown value
RSP=0x000070000cd5a990 is pointing into the stack for thread: 0x00007ffd15807000
RBP=0x000070000cd5aa10 is pointing into the stack for thread: 0x00007ffd15807000
RSI=0x0000000000000000 is an unknown value
RDI=0x00007ffd15413960 is an unknown value
R8 =0x000070000cd5a8d8 is pointing into the stack for thread: 0x00007ffd15807000
R9 =0x000070000cd5a8d0 is pointing into the stack for thread: 0x00007ffd15807000
R10=0x00007ffd15624da0 is an unknown value
R11=0x0000000000000014 is an unknown value
R12=0x0000000000000007 is an unknown value
R13=0x000000000da7c250 is an unknown value
R14=0x0000000000000008 is an unknown value
R15=0x00007ffd156244f0 is an unknown value


Stack: [0x000070000cc5b000,0x000070000cd5b000],  sp=0x000070000cd5a990,  free space=1022k
Native frames: (J=compiled Java code, j=interpreted, Vv=VM code, C=native code)
V  [libjvm.dylib+0x385658]  JvmtiEnv::GetClassMethods(oopDesc*, int*, _jmethodID***)+0x122
V  [libjvm.dylib+0x359fc3]  jvmti_GetClassMethods+0x130
C  [libjdwp.dylib+0x5195]  methods1+0xad
C  [libjdwp.dylib+0x52ec]  methodsWithGeneric+0xe
C  [libjdwp.dylib+0xe898]  debugLoop_run+0x1ce
C  [libjdwp.dylib+0x1f6ba]  attachThread+0x4d
V  [libjvm.dylib+0x399438]  JvmtiAgentThread::call_start_function()+0x38
V  [libjvm.dylib+0x5695ab]  JavaThread::thread_main_inner()+0x9b
V  [libjvm.dylib+0x56ac98]  JavaThread::run()+0x1c2
V  [libjvm.dylib+0x48933a]  java_start(Thread*)+0xf6
C  [libsystem_pthread.dylib+0x333d]  _pthread_body+0x7e
C  [libsystem_pthread.dylib+0x62a7]  _pthread_start+0x46
C  [libsystem_pthread.dylib+0x2425]  thread_start+0xd
C  0x0000000000000000


---------------  P R O C E S S  ---------------

Java Threads: ( => current thread )
  0x00007ffd18899800 JavaThread "Service Thread" daemon [_thread_blocked, id=43011, stack(0x000070000d370000,0x000070000d470000)]
  0x00007ffd1981d800 JavaThread "C1 CompilerThread3" daemon [_thread_blocked, id=21763, stack(0x000070000d26d000,0x000070000d36d000)]
  0x00007ffd1981c800 JavaThread "C2 CompilerThread2" daemon [_thread_blocked, id=15107, stack(0x000070000d16a000,0x000070000d26a000)]
  0x00007ffd1981c000 JavaThread "C2 CompilerThread1" daemon [_thread_blocked, id=15875, stack(0x000070000d067000,0x000070000d167000)]
  0x00007ffd19023800 JavaThread "C2 CompilerThread0" daemon [_thread_blocked, id=14595, stack(0x000070000cf64000,0x000070000d064000)]
  0x00007ffd16825800 JavaThread "JDWP Command Reader" daemon [_thread_in_native, id=14339, stack(0x000070000ce61000,0x000070000cf61000)]
  0x00007ffd19800000 JavaThread "JDWP Event Helper Thread" daemon [_thread_blocked, id=16643, stack(0x000070000cd5e000,0x000070000ce5e000)]
=>0x00007ffd15807000 JavaThread "JDWP Transport Listener: dt_socket" daemon [_thread_in_vm, id=17159, stack(0x000070000cc5b000,0x000070000cd5b000)]
  0x00007ffd18000000 JavaThread "Signal Dispatcher" daemon [_thread_blocked, id=17411, stack(0x000070000cb58000,0x000070000cc58000)]
  0x00007ffd1800b800 JavaThread "Finalizer" daemon [_thread_blocked, id=18435, stack(0x000070000ca55000,0x000070000cb55000)]
  0x00007ffd16821800 JavaThread "Reference Handler" daemon [_thread_blocked, id=12035, stack(0x000070000c952000,0x000070000ca52000)]
  0x00007ffd15806800 JavaThread "main" [_thread_blocked, id=6147, stack(0x000070000bf34000,0x000070000c034000)]

Other Threads:
  0x00007ffd1600f800 VMThread [stack: 0x000070000c84f000,0x000070000c94f000] [id=18947]
  0x00007ffd19034800 WatcherThread [stack: 0x000070000d473000,0x000070000d573000] [id=42499]

VM state:not at safepoint (normal execution)

VM Mutex/Monitor currently owned by a thread: None

Heap:
 PSYoungGen      total 76288K, used 9213K [0x000000076ab00000, 0x0000000770000000, 0x00000007c0000000)
  eden space 65536K, 14% used [0x000000076ab00000,0x000000076b3ff598,0x000000076eb00000)
  from space 10752K, 0% used [0x000000076f580000,0x000000076f580000,0x0000000770000000)
  to   space 10752K, 0% used [0x000000076eb00000,0x000000076eb00000,0x000000076f580000)
 ParOldGen       total 175104K, used 0K [0x00000006c0000000, 0x00000006cab00000, 0x000000076ab00000)
  object space 175104K, 0% used [0x00000006c0000000,0x00000006c0000000,0x00000006cab00000)
 Metaspace       used 4159K, capacity 5088K, committed 5376K, reserved 1056768K
  class space    used 439K, capacity 464K, committed 512K, reserved 1048576K

Card table byte_map: [0x000000010c071000,0x000000010c872000] byte_map_base: 0x0000000108a71000

Marking Bits: (ParMarkBitMap*) 0x000000010b4edd20
 Begin Bits: [0x000000011d2d4000, 0x00000001212d4000)
 End Bits:   [0x00000001212d4000, 0x00000001252d4000)

Polling page: 0x0000000109bd9000

CodeCache: size=245760Kb used=1408Kb max_used=1414Kb free=244351Kb
 bounds [0x000000010e2d4000, 0x000000010e544000, 0x000000011d2d4000]
 total_blobs=423 nmethods=168 adapters=177
 compilation: enabled

Compilation events (10 events):
Event: 8.814 Thread 0x00007ffd1981d800 nmethod 164 0x000000010e431f50 code [0x000000010e4320c0, 0x000000010e432448]
Event: 8.815 Thread 0x00007ffd1981d800  165       1       sun.misc.URLClassPath$Loader::getBaseURL (5 bytes)
Event: 8.815 Thread 0x00007ffd1981d800 nmethod 165 0x000000010e432550 code [0x000000010e4326a0, 0x000000010e4327b0]
Event: 8.816 Thread 0x00007ffd1981c800 nmethod 160 0x000000010e435710 code [0x000000010e435880, 0x000000010e435b58]
Event: 8.817 Thread 0x00007ffd1981d800  166       1       java.net.URL::getPort (5 bytes)
Event: 8.818 Thread 0x00007ffd1981d800 nmethod 166 0x000000010e434dd0 code [0x000000010e434f20, 0x000000010e435030]
Event: 8.818 Thread 0x00007ffd1981d800  167  s    3       java.lang.StringBuffer::append (13 bytes)
Event: 8.818 Thread 0x00007ffd1981d800 nmethod 167 0x000000010e434850 code [0x000000010e4349c0, 0x000000010e434ce8]
Event: 352.242 Thread 0x00007ffd1981d800  168       3       java.lang.AbstractStringBuilder::ensureCapacityInternal (16 bytes)
Event: 352.242 Thread 0x00007ffd1981d800 nmethod 168 0x000000010e433f90 code [0x000000010e434100, 0x000000010e434368]

GC Heap History (0 events):
No events

Deoptimization events (0 events):
No events

Internal exceptions (6 events):
Event: 0.032 Thread 0x00007ffd15806800 Exception <a 'java/lang/NoSuchMethodError': Method sun.misc.Unsafe.defineClass(Ljava/lang/String;[BII)Ljava/lang/Class; name or signature does not match> (0x000000076ab07cc0) thrown at [/HUDSON3/workspace/8-2-build-macosx-x86_64/jdk8u101/7261/hotspot/src/
Event: 0.032 Thread 0x00007ffd15806800 Exception <a 'java/lang/NoSuchMethodError': Method sun.misc.Unsafe.prefetchRead(Ljava/lang/Object;J)V name or signature does not match> (0x000000076ab07fa8) thrown at [/HUDSON3/workspace/8-2-build-macosx-x86_64/jdk8u101/7261/hotspot/src/share/vm/prims/jni
Event: 0.326 Thread 0x00007ffd15806800 Exception <a 'java/security/PrivilegedActionException'> (0x000000076af9c5a8) thrown at [/HUDSON3/workspace/8-2-build-macosx-x86_64/jdk8u101/7261/hotspot/src/share/vm/prims/jvm.cpp, line 1386]
Event: 0.326 Thread 0x00007ffd15806800 Exception <a 'java/security/PrivilegedActionException'> (0x000000076af9c7b8) thrown at [/HUDSON3/workspace/8-2-build-macosx-x86_64/jdk8u101/7261/hotspot/src/share/vm/prims/jvm.cpp, line 1386]
Event: 0.327 Thread 0x00007ffd15806800 Exception <a 'java/security/PrivilegedActionException'> (0x000000076af9fca8) thrown at [/HUDSON3/workspace/8-2-build-macosx-x86_64/jdk8u101/7261/hotspot/src/share/vm/prims/jvm.cpp, line 1386]
Event: 0.327 Thread 0x00007ffd15806800 Exception <a 'java/security/PrivilegedActionException'> (0x000000076af9feb8) thrown at [/HUDSON3/workspace/8-2-build-macosx-x86_64/jdk8u101/7261/hotspot/src/share/vm/prims/jvm.cpp, line 1386]

Events (10 events):
Event: 1704.967 Executing VM operation: ChangeBreakpoints
Event: 1704.967 Executing VM operation: ChangeBreakpoints done
Event: 1704.969 Executing VM operation: RedefineClasses
Event: 1704.970 Executing VM operation: RedefineClasses done
Event: 1704.971 Executing VM operation: GetOrSetLocal
Event: 1704.971 Executing VM operation: GetOrSetLocal done
Event: 1704.974 Executing VM operation: ChangeBreakpoints
Event: 1704.974 Executing VM operation: ChangeBreakpoints done
Event: 1704.979 Executing VM operation: ChangeBreakpoints
Event: 1704.979 Executing VM operation: ChangeBreakpoints done


Dynamic libraries:
0x0000000024c49000 	/System/Library/Frameworks/Cocoa.framework/Versions/A/Cocoa
0x0000000024c49000 	/System/Library/Frameworks/Security.framework/Versions/A/Security
0x0000000024c49000 	/System/Library/Frameworks/ApplicationServices.framework/Versions/A/ApplicationServices
0x0000000024c49000 	/usr/lib/libz.1.dylib
0x0000000024c49000 	/usr/lib/libSystem.B.dylib
0x0000000024c49000 	/usr/lib/libobjc.A.dylib
0x0000000024c49000 	/System/Library/Frameworks/CoreFoundation.framework/Versions/A/CoreFoundation
0x0000000024c49000 	/System/Library/Frameworks/Foundation.framework/Versions/C/Foundation
0x0000000024c49000 	/System/Library/Frameworks/AppKit.framework/Versions/C/AppKit
0x0000000024c49000 	/System/Library/Frameworks/CoreData.framework/Versions/A/CoreData
0x0000000024c49000 	/System/Library/PrivateFrameworks/RemoteViewServices.framework/Versions/A/RemoteViewServices
0x0000000024c49000 	/System/Library/PrivateFrameworks/UIFoundation.framework/Versions/A/UIFoundation
0x0000000024c49000 	/System/Library/PrivateFrameworks/XCTTargetBootstrap.framework/Versions/A/XCTTargetBootstrap
0x0000000024c49000 	/System/Library/PrivateFrameworks/IconServices.framework/Versions/A/IconServices
0x0000000024c49000 	/System/Library/Frameworks/Metal.framework/Versions/A/Metal
0x0000000024c49000 	/System/Library/PrivateFrameworks/DesktopServicesPriv.framework/Versions/A/DesktopServicesPriv
0x0000000024c49000 	/usr/lib/libenergytrace.dylib
0x0000000024c49000 	/System/Library/PrivateFrameworks/SkyLight.framework/Versions/A/SkyLight
0x0000000024c49000 	/System/Library/Frameworks/CoreGraphics.framework/Versions/A/CoreGraphics
0x0000000024c49000 	/System/Library/Frameworks/Accelerate.framework/Versions/A/Accelerate
0x0000000024c49000 	/System/Library/Frameworks/IOSurface.framework/Versions/A/IOSurface
0x0000000024c49000 	/System/Library/PrivateFrameworks/DFRFoundation.framework/Versions/A/DFRFoundation
0x0000000024c49000 	/System/Library/Frameworks/AudioToolbox.framework/Versions/A/AudioToolbox
0x0000000024c49000 	/System/Library/Frameworks/AudioUnit.framework/Versions/A/AudioUnit
0x0000000024c49000 	/System/Library/PrivateFrameworks/DataDetectorsCore.framework/Versions/A/DataDetectorsCore
0x0000000024c49000 	/System/Library/Frameworks/Carbon.framework/Versions/A/Frameworks/HIToolbox.framework/Versions/A/HIToolbox
0x0000000024c49000 	/usr/lib/libicucore.A.dylib
0x0000000024c49000 	/System/Library/Frameworks/QuartzCore.framework/Versions/A/QuartzCore
0x0000000024c49000 	/System/Library/Frameworks/Carbon.framework/Versions/A/Frameworks/SpeechRecognition.framework/Versions/A/SpeechRecognition
0x0000000024c49000 	/usr/lib/libauto.dylib
0x0000000024c49000 	/usr/lib/libxml2.2.dylib
0x0000000024c49000 	/System/Library/PrivateFrameworks/CoreUI.framework/Versions/A/CoreUI
0x0000000024c49000 	/System/Library/Frameworks/CoreAudio.framework/Versions/A/CoreAudio
0x0000000024c49000 	/System/Library/Frameworks/DiskArbitration.framework/Versions/A/DiskArbitration
0x0000000024c49000 	/usr/lib/liblangid.dylib
0x0000000024c49000 	/System/Library/PrivateFrameworks/MultitouchSupport.framework/Versions/A/MultitouchSupport
0x0000000024c49000 	/System/Library/Frameworks/IOKit.framework/Versions/A/IOKit
0x0000000024c49000 	/usr/lib/libDiagnosticMessagesClient.dylib
0x0000000024c49000 	/System/Library/Frameworks/CoreServices.framework/Versions/A/CoreServices
0x0000000024c49000 	/System/Library/PrivateFrameworks/PerformanceAnalysis.framework/Versions/A/PerformanceAnalysis
0x0000000024c49000 	/System/Library/Frameworks/OpenGL.framework/Versions/A/OpenGL
0x0000000024c49000 	/System/Library/Frameworks/ColorSync.framework/Versions/A/ColorSync
0x0000000024c49000 	/System/Library/Frameworks/CoreImage.framework/Versions/A/CoreImage
0x0000000024c49000 	/System/Library/Frameworks/CoreText.framework/Versions/A/CoreText
0x0000000024c49000 	/System/Library/Frameworks/ImageIO.framework/Versions/A/ImageIO
0x0000000024c49000 	/System/Library/PrivateFrameworks/Backup.framework/Versions/A/Backup
0x0000000024c49000 	/usr/lib/libarchive.2.dylib
0x0000000024c49000 	/System/Library/Frameworks/CFNetwork.framework/Versions/A/CFNetwork
0x0000000024c49000 	/System/Library/Frameworks/SystemConfiguration.framework/Versions/A/SystemConfiguration
0x0000000024c49000 	/usr/lib/libCRFSuite.dylib
0x0000000024c49000 	/usr/lib/libc++.1.dylib
0x0000000024c49000 	/usr/lib/libc++abi.dylib
0x0000000024c49000 	/usr/lib/system/libcache.dylib
0x0000000024c49000 	/usr/lib/system/libcommonCrypto.dylib
0x0000000024c49000 	/usr/lib/system/libcompiler_rt.dylib
0x0000000024c49000 	/usr/lib/system/libcopyfile.dylib
0x0000000024c49000 	/usr/lib/system/libcorecrypto.dylib
0x0000000024c49000 	/usr/lib/system/libdispatch.dylib
0x0000000024c49000 	/usr/lib/system/libdyld.dylib
0x0000000024c49000 	/usr/lib/system/libkeymgr.dylib
0x0000000024c49000 	/usr/lib/system/liblaunch.dylib
0x0000000024c49000 	/usr/lib/system/libmacho.dylib
0x0000000024c49000 	/usr/lib/system/libquarantine.dylib
0x0000000024c49000 	/usr/lib/system/libremovefile.dylib
0x0000000024c49000 	/usr/lib/system/libsystem_asl.dylib
0x0000000024c49000 	/usr/lib/system/libsystem_blocks.dylib
0x0000000024c49000 	/usr/lib/system/libsystem_c.dylib
0x0000000024c49000 	/usr/lib/system/libsystem_configuration.dylib
0x0000000024c49000 	/usr/lib/system/libsystem_coreservices.dylib
0x0000000024c49000 	/usr/lib/system/libsystem_darwin.dylib
0x0000000024c49000 	/usr/lib/system/libsystem_dnssd.dylib
0x0000000024c49000 	/usr/lib/system/libsystem_info.dylib
0x0000000024c49000 	/usr/lib/system/libsystem_m.dylib
0x0000000024c49000 	/usr/lib/system/libsystem_malloc.dylib
0x0000000024c49000 	/usr/lib/system/libsystem_networkextension.dylib
0x0000000024c49000 	/usr/lib/system/libsystem_notify.dylib
0x0000000024c49000 	/usr/lib/system/libsystem_sandbox.dylib
0x0000000024c49000 	/usr/lib/system/libsystem_secinit.dylib
0x0000000024c49000 	/usr/lib/system/libsystem_kernel.dylib
0x0000000024c49000 	/usr/lib/system/libsystem_platform.dylib
0x0000000024c49000 	/usr/lib/system/libsystem_pthread.dylib
0x0000000024c49000 	/usr/lib/system/libsystem_symptoms.dylib
0x0000000024c49000 	/usr/lib/system/libsystem_trace.dylib
0x0000000024c49000 	/usr/lib/system/libunwind.dylib
0x0000000024c49000 	/usr/lib/system/libxpc.dylib
0x0000000024c49000 	/usr/lib/libbsm.0.dylib
0x0000000024c49000 	/usr/lib/system/libkxld.dylib
0x0000000024c49000 	/System/Library/PrivateFrameworks/AppleFSCompression.framework/Versions/A/AppleFSCompression
0x0000000024c49000 	/usr/lib/libOpenScriptingUtil.dylib
0x0000000024c49000 	/usr/lib/libcoretls.dylib
0x0000000024c49000 	/usr/lib/libcoretls_cfhelpers.dylib
0x0000000024c49000 	/usr/lib/libpam.2.dylib
0x0000000024c49000 	/usr/lib/libsqlite3.dylib
0x0000000024c49000 	/usr/lib/libxar.1.dylib
0x0000000024c49000 	/usr/lib/libbz2.1.0.dylib
0x0000000024c49000 	/usr/lib/liblzma.5.dylib
0x0000000024c49000 	/usr/lib/libnetwork.dylib
0x0000000024c49000 	/usr/lib/libapple_nghttp2.dylib
0x0000000024c49000 	/usr/lib/libpcap.A.dylib
0x0000000024c49000 	/System/Library/Frameworks/CoreServices.framework/Versions/A/Frameworks/FSEvents.framework/Versions/A/FSEvents
0x0000000024c49000 	/System/Library/Frameworks/CoreServices.framework/Versions/A/Frameworks/CarbonCore.framework/Versions/A/CarbonCore
0x0000000024c49000 	/System/Library/Frameworks/CoreServices.framework/Versions/A/Frameworks/Metadata.framework/Versions/A/Metadata
0x0000000024c49000 	/System/Library/Frameworks/CoreServices.framework/Versions/A/Frameworks/OSServices.framework/Versions/A/OSServices
0x0000000024c49000 	/System/Library/Frameworks/CoreServices.framework/Versions/A/Frameworks/SearchKit.framework/Versions/A/SearchKit
0x0000000024c49000 	/System/Library/Frameworks/CoreServices.framework/Versions/A/Frameworks/AE.framework/Versions/A/AE
0x0000000024c49000 	/System/Library/Frameworks/CoreServices.framework/Versions/A/Frameworks/LaunchServices.framework/Versions/A/LaunchServices
0x0000000024c49000 	/System/Library/Frameworks/CoreServices.framework/Versions/A/Frameworks/DictionaryServices.framework/Versions/A/DictionaryServices
0x0000000024c49000 	/System/Library/Frameworks/CoreServices.framework/Versions/A/Frameworks/SharedFileList.framework/Versions/A/SharedFileList
0x0000000024c49000 	/System/Library/Frameworks/NetFS.framework/Versions/A/NetFS
0x0000000024c49000 	/System/Library/PrivateFrameworks/NetAuth.framework/Versions/A/NetAuth
0x0000000024c49000 	/System/Library/PrivateFrameworks/login.framework/Versions/A/Frameworks/loginsupport.framework/Versions/A/loginsupport
0x0000000024c49000 	/System/Library/PrivateFrameworks/TCC.framework/Versions/A/TCC
0x0000000024c49000 	/System/Library/PrivateFrameworks/CoreNLP.framework/Versions/A/CoreNLP
0x0000000024c49000 	/System/Library/PrivateFrameworks/MetadataUtilities.framework/Versions/A/MetadataUtilities
0x0000000024c49000 	/usr/lib/libmecabra.dylib
0x0000000024c49000 	/System/Library/Frameworks/ApplicationServices.framework/Versions/A/Frameworks/ATS.framework/Versions/A/ATS
0x0000000024c49000 	/System/Library/Frameworks/ApplicationServices.framework/Versions/A/Frameworks/ColorSyncLegacy.framework/Versions/A/ColorSyncLegacy
0x0000000024c49000 	/System/Library/Frameworks/ApplicationServices.framework/Versions/A/Frameworks/HIServices.framework/Versions/A/HIServices
0x0000000024c49000 	/System/Library/Frameworks/ApplicationServices.framework/Versions/A/Frameworks/LangAnalysis.framework/Versions/A/LangAnalysis
0x0000000024c49000 	/System/Library/Frameworks/ApplicationServices.framework/Versions/A/Frameworks/PrintCore.framework/Versions/A/PrintCore
0x0000000024c49000 	/System/Library/Frameworks/ApplicationServices.framework/Versions/A/Frameworks/QD.framework/Versions/A/QD
0x0000000024c49000 	/System/Library/Frameworks/ApplicationServices.framework/Versions/A/Frameworks/SpeechSynthesis.framework/Versions/A/SpeechSynthesis
0x0000000024c49000 	/usr/lib/libcompression.dylib
0x0000000024c49000 	/System/Library/Frameworks/CoreDisplay.framework/Versions/A/CoreDisplay
0x0000000024c49000 	/System/Library/Frameworks/MetalPerformanceShaders.framework/Versions/A/MetalPerformanceShaders
0x0000000024c49000 	/System/Library/Frameworks/Accelerate.framework/Versions/A/Frameworks/vImage.framework/Versions/A/vImage
0x0000000024c49000 	/System/Library/Frameworks/Accelerate.framework/Versions/A/Frameworks/vecLib.framework/Versions/A/vecLib
0x0000000024c49000 	/System/Library/Frameworks/Accelerate.framework/Versions/A/Frameworks/vecLib.framework/Versions/A/libvMisc.dylib
0x0000000024c49000 	/System/Library/Frameworks/Accelerate.framework/Versions/A/Frameworks/vecLib.framework/Versions/A/libvDSP.dylib
0x0000000024c49000 	/System/Library/Frameworks/Accelerate.framework/Versions/A/Frameworks/vecLib.framework/Versions/A/libBLAS.dylib
0x0000000024c49000 	/System/Library/Frameworks/Accelerate.framework/Versions/A/Frameworks/vecLib.framework/Versions/A/libLAPACK.dylib
0x0000000024c49000 	/System/Library/Frameworks/Accelerate.framework/Versions/A/Frameworks/vecLib.framework/Versions/A/libLinearAlgebra.dylib
0x0000000024c49000 	/System/Library/Frameworks/Accelerate.framework/Versions/A/Frameworks/vecLib.framework/Versions/A/libSparseBLAS.dylib
0x0000000024c49000 	/System/Library/Frameworks/Accelerate.framework/Versions/A/Frameworks/vecLib.framework/Versions/A/libQuadrature.dylib
0x0000000024c49000 	/System/Library/Frameworks/Accelerate.framework/Versions/A/Frameworks/vecLib.framework/Versions/A/libBNNS.dylib
0x0000000024c49000 	/System/Library/Frameworks/Accelerate.framework/Versions/A/Frameworks/vecLib.framework/Versions/A/libSparse.dylib
0x0000000024c49000 	/System/Library/PrivateFrameworks/GPUWrangler.framework/Versions/A/GPUWrangler
0x0000000024c49000 	/System/Library/PrivateFrameworks/IOAccelerator.framework/Versions/A/IOAccelerator
0x0000000024c49000 	/System/Library/PrivateFrameworks/IOPresentment.framework/Versions/A/IOPresentment
0x0000000024c49000 	/System/Library/PrivateFrameworks/DSExternalDisplay.framework/Versions/A/DSExternalDisplay
0x0000000024c49000 	/System/Library/Frameworks/OpenGL.framework/Versions/A/Libraries/libCoreFSCache.dylib
0x0000000024c49000 	/System/Library/Frameworks/MetalPerformanceShaders.framework/Frameworks/MPSCore.framework/Versions/A/MPSCore
0x0000000024c49000 	/System/Library/Frameworks/MetalPerformanceShaders.framework/Frameworks/MPSImage.framework/Versions/A/MPSImage
0x0000000024c49000 	/System/Library/Frameworks/MetalPerformanceShaders.framework/Frameworks/MPSNeuralNetwork.framework/Versions/A/MPSNeuralNetwork
0x0000000024c49000 	/System/Library/Frameworks/MetalPerformanceShaders.framework/Frameworks/MPSMatrix.framework/Versions/A/MPSMatrix
0x0000000024c49000 	/System/Library/Frameworks/MetalPerformanceShaders.framework/Frameworks/MPSRayIntersector.framework/Versions/A/MPSRayIntersector
0x0000000024c49000 	/System/Library/PrivateFrameworks/MetalTools.framework/Versions/A/MetalTools
0x0000000024c49000 	/System/Library/PrivateFrameworks/AggregateDictionary.framework/Versions/A/AggregateDictionary
0x0000000024c49000 	/usr/lib/libMobileGestalt.dylib
0x0000000024c49000 	/System/Library/Frameworks/CoreVideo.framework/Versions/A/CoreVideo
0x0000000024c49000 	/System/Library/PrivateFrameworks/GraphVisualizer.framework/Versions/A/GraphVisualizer
0x0000000024c49000 	/System/Library/PrivateFrameworks/FaceCore.framework/Versions/A/FaceCore
0x0000000024c49000 	/System/Library/Frameworks/OpenCL.framework/Versions/A/OpenCL
0x0000000024c49000 	/usr/lib/libFosl_dynamic.dylib
0x0000000024c49000 	/System/Library/PrivateFrameworks/OTSVG.framework/Versions/A/OTSVG
0x0000000024c49000 	/System/Library/Frameworks/ApplicationServices.framework/Versions/A/Frameworks/ATS.framework/Versions/A/Resources/libFontParser.dylib
0x0000000024c49000 	/System/Library/Frameworks/ApplicationServices.framework/Versions/A/Frameworks/ATS.framework/Versions/A/Resources/libFontRegistry.dylib
0x0000000024c49000 	/System/Library/Frameworks/ImageIO.framework/Versions/A/Resources/libJPEG.dylib
0x0000000024c49000 	/System/Library/Frameworks/ImageIO.framework/Versions/A/Resources/libTIFF.dylib
0x0000000024c49000 	/System/Library/Frameworks/ImageIO.framework/Versions/A/Resources/libPng.dylib
0x0000000024c49000 	/System/Library/Frameworks/ImageIO.framework/Versions/A/Resources/libGIF.dylib
0x0000000024c49000 	/System/Library/Frameworks/ImageIO.framework/Versions/A/Resources/libJP2.dylib
0x0000000024c49000 	/System/Library/Frameworks/ImageIO.framework/Versions/A/Resources/libRadiance.dylib
0x0000000024c49000 	/System/Library/PrivateFrameworks/AppleJPEG.framework/Versions/A/AppleJPEG
0x0000000024c49000 	/System/Library/Frameworks/OpenGL.framework/Versions/A/Libraries/libGFXShared.dylib
0x0000000024c49000 	/System/Library/Frameworks/OpenGL.framework/Versions/A/Libraries/libGLU.dylib
0x0000000024c49000 	/System/Library/Frameworks/OpenGL.framework/Versions/A/Libraries/libGL.dylib
0x0000000024c49000 	/System/Library/Frameworks/OpenGL.framework/Versions/A/Libraries/libGLImage.dylib
0x0000000024c49000 	/System/Library/Frameworks/OpenGL.framework/Versions/A/Libraries/libCVMSPluginSupport.dylib
0x0000000024c49000 	/System/Library/Frameworks/OpenGL.framework/Versions/A/Libraries/libCoreVMClient.dylib
0x0000000024c49000 	/usr/lib/libcups.2.dylib
0x0000000024c49000 	/System/Library/Frameworks/Kerberos.framework/Versions/A/Kerberos
0x0000000024c49000 	/System/Library/Frameworks/GSS.framework/Versions/A/GSS
0x0000000024c49000 	/usr/lib/libresolv.9.dylib
0x0000000024c49000 	/usr/lib/libiconv.2.dylib
0x0000000024c49000 	/System/Library/PrivateFrameworks/Heimdal.framework/Versions/A/Heimdal
0x0000000024c49000 	/usr/lib/libheimdal-asn1.dylib
0x0000000024c49000 	/System/Library/Frameworks/OpenDirectory.framework/Versions/A/OpenDirectory
0x0000000024c49000 	/System/Library/PrivateFrameworks/CommonAuth.framework/Versions/A/CommonAuth
0x0000000024c49000 	/System/Library/Frameworks/OpenDirectory.framework/Versions/A/Frameworks/CFOpenDirectory.framework/Versions/A/CFOpenDirectory
0x0000000024c49000 	/System/Library/Frameworks/SecurityFoundation.framework/Versions/A/SecurityFoundation
0x0000000024c49000 	/System/Library/PrivateFrameworks/APFS.framework/Versions/A/APFS
0x0000000024c49000 	/usr/lib/libutil.dylib
0x0000000024c49000 	/usr/lib/libcharset.1.dylib
0x0000000024c49000 	/System/Library/PrivateFrameworks/AppleSauce.framework/Versions/A/AppleSauce
0x0000000024c49000 	/System/Library/PrivateFrameworks/AssertionServices.framework/Versions/A/AssertionServices
0x0000000024c49000 	/System/Library/PrivateFrameworks/BaseBoard.framework/Versions/A/BaseBoard
0x0000000024c49000 	/usr/lib/libmecab.1.0.0.dylib
0x0000000024c49000 	/usr/lib/libgermantok.dylib
0x0000000024c49000 	/usr/lib/libThaiTokenizer.dylib
0x0000000024c49000 	/usr/lib/libChineseTokenizer.dylib
0x0000000024c49000 	/System/Library/PrivateFrameworks/LanguageModeling.framework/Versions/A/LanguageModeling
0x0000000024c49000 	/System/Library/PrivateFrameworks/CoreEmoji.framework/Versions/A/CoreEmoji
0x0000000024c49000 	/System/Library/PrivateFrameworks/Lexicon.framework/Versions/A/Lexicon
0x0000000024c49000 	/System/Library/PrivateFrameworks/LinguisticData.framework/Versions/A/LinguisticData
0x0000000024c49000 	/usr/lib/libcmph.dylib
0x0000000024c49000 	/System/Library/Frameworks/ServiceManagement.framework/Versions/A/ServiceManagement
0x0000000024c49000 	/System/Library/PrivateFrameworks/BackgroundTaskManagement.framework/Versions/A/BackgroundTaskManagement
0x0000000024c49000 	/usr/lib/libxslt.1.dylib
0x0000000024c49000 	/System/Library/Frameworks/Carbon.framework/Versions/A/Frameworks/Ink.framework/Versions/A/Ink
0x0000000024c49000 	/System/Library/PrivateFrameworks/TextureIO.framework/Versions/A/TextureIO
0x0000000024c49000 	/usr/lib/libate.dylib
0x0000000024c49000 	/System/Library/PrivateFrameworks/CrashReporterSupport.framework/Versions/A/CrashReporterSupport
0x0000000024c49000 	/System/Library/PrivateFrameworks/Sharing.framework/Versions/A/Sharing
0x0000000024c49000 	/System/Library/PrivateFrameworks/AuthKit.framework/Versions/A/AuthKit
0x0000000024c49000 	/System/Library/PrivateFrameworks/Apple80211.framework/Versions/A/Apple80211
0x0000000024c49000 	/System/Library/PrivateFrameworks/CoreUtils.framework/Versions/A/CoreUtils
0x0000000024c49000 	/System/Library/Frameworks/CoreWLAN.framework/Versions/A/CoreWLAN
0x0000000024c49000 	/System/Library/Frameworks/IOBluetooth.framework/Versions/A/IOBluetooth
0x0000000024c49000 	/System/Library/PrivateFrameworks/ProtocolBuffer.framework/Versions/A/ProtocolBuffer
0x0000000024c49000 	/System/Library/PrivateFrameworks/MobileKeyBag.framework/Versions/A/MobileKeyBag
0x0000000024c49000 	/System/Library/PrivateFrameworks/CorePhoneNumbers.framework/Versions/A/CorePhoneNumbers
0x0000000024c49000 	/System/Library/PrivateFrameworks/AppleIDAuthSupport.framework/Versions/A/AppleIDAuthSupport
0x0000000024c49000 	/System/Library/PrivateFrameworks/KeychainCircle.framework/Versions/A/KeychainCircle
0x0000000024c49000 	/System/Library/PrivateFrameworks/ROCKit.framework/Versions/A/ROCKit
0x0000000024c49000 	/System/Library/PrivateFrameworks/CoreWiFi.framework/Versions/A/CoreWiFi
0x0000000024c49000 	/System/Library/Frameworks/CoreBluetooth.framework/Versions/A/CoreBluetooth
0x0000000024c49000 	/System/Library/PrivateFrameworks/DebugSymbols.framework/Versions/A/DebugSymbols
0x0000000024c49000 	/System/Library/PrivateFrameworks/CoreSymbolication.framework/Versions/A/CoreSymbolication
0x0000000024c49000 	/System/Library/PrivateFrameworks/Symbolication.framework/Versions/A/Symbolication
0x0000000024c49000 	/System/Library/PrivateFrameworks/SpeechRecognitionCore.framework/Versions/A/SpeechRecognitionCore
0x0000000024c49000 	/System/Library/CoreServices/Encodings/libKoreanConverter.dylib
0x000000010ac00000 	/Library/Java/JavaVirtualMachines/jdk1.8.0_101.jdk/Contents/Home/jre/lib/server/libjvm.dylib
0x0000000024c49000 	/usr/lib/libstdc++.6.dylib
0x0000000109bcb000 	/Library/Java/JavaVirtualMachines/jdk1.8.0_101.jdk/Contents/Home/jre/lib/libverify.dylib
0x000000010bb9d000 	/Library/Java/JavaVirtualMachines/jdk1.8.0_101.jdk/Contents/Home/jre/lib/libjava.dylib
0x000000010bbd2000 	/Library/Java/JavaVirtualMachines/jdk1.8.0_101.jdk/Contents/Home/jre/lib/libjdwp.dylib
0x0000000109bda000 	/Library/Java/JavaVirtualMachines/jdk1.8.0_101.jdk/Contents/Home/jre/lib/libnpt.dylib
0x000000010bc1d000 	/Library/Java/JavaVirtualMachines/jdk1.8.0_101.jdk/Contents/Home/jre/lib/libinstrument.dylib
0x0000000109be8000 	/Library/Java/JavaVirtualMachines/jdk1.8.0_101.jdk/Contents/Home/jre/lib/libzip.dylib
0x0000000024c49000 	/System/Library/Frameworks/JavaVM.framework/Versions/A/Frameworks/JavaRuntimeSupport.framework/Versions/A/JavaRuntimeSupport
0x0000000024c49000 	/System/Library/Frameworks/JavaVM.framework/Versions/A/Frameworks/JavaNativeFoundation.framework/Versions/A/JavaNativeFoundation
0x0000000024c49000 	/System/Library/Frameworks/JavaVM.framework/Versions/A/JavaVM
0x0000000024c49000 	/System/Library/Frameworks/Carbon.framework/Versions/A/Carbon
0x0000000024c49000 	/System/Library/PrivateFrameworks/JavaLaunching.framework/Versions/A/JavaLaunching
0x0000000024c49000 	/System/Library/Frameworks/Carbon.framework/Versions/A/Frameworks/CommonPanels.framework/Versions/A/CommonPanels
0x0000000024c49000 	/System/Library/Frameworks/Carbon.framework/Versions/A/Frameworks/Help.framework/Versions/A/Help
0x0000000024c49000 	/System/Library/Frameworks/Carbon.framework/Versions/A/Frameworks/ImageCapture.framework/Versions/A/ImageCapture
0x0000000024c49000 	/System/Library/Frameworks/Carbon.framework/Versions/A/Frameworks/OpenScripting.framework/Versions/A/OpenScripting
0x0000000024c49000 	/System/Library/Frameworks/Carbon.framework/Versions/A/Frameworks/Print.framework/Versions/A/Print
0x0000000024c49000 	/System/Library/Frameworks/Carbon.framework/Versions/A/Frameworks/SecurityHI.framework/Versions/A/SecurityHI
0x000000010e1df000 	/Library/Java/JavaVirtualMachines/jdk1.8.0_101.jdk/Contents/Home/jre/lib/libdt_socket.dylib

VM Arguments:
jvm_args: -agentlib:jdwp=transport=dt_socket,address=127.0.0.1:54712,suspend=y,server=n -javaagent:/Users/soul/Library/Caches/IntelliJIdea2017.3/groovyHotSwap/gragent.jar -javaagent:/Users/soul/Library/Caches/IntelliJIdea2017.3/captureAgent/debugger-agent.jar=/private/var/folders/3n/wjplhnhn3xjfpjc00lfj2v6h0000gn/T/capture.props -Dfile.encoding=UTF-8 
java_command: ladder.ConsoleKt
java_class_path (initial): /Library/Java/JavaVirtualMachines/jdk1.8.0_101.jdk/Contents/Home/jre/lib/charsets.jar:/Library/Java/JavaVirtualMachines/jdk1.8.0_101.jdk/Contents/Home/jre/lib/deploy.jar:/Library/Java/JavaVirtualMachines/jdk1.8.0_101.jdk/Contents/Home/jre/lib/ext/cldrdata.jar:/Library/Java/JavaVirtualMachines/jdk1.8.0_101.jdk/Contents/Home/jre/lib/ext/dnsns.jar:/Library/Java/JavaVirtualMachines/jdk1.8.0_101.jdk/Contents/Home/jre/lib/ext/jaccess.jar:/Library/Java/JavaVirtualMachines/jdk1.8.0_101.jdk/Contents/Home/jre/lib/ext/jfxrt.jar:/Library/Java/JavaVirtualMachines/jdk1.8.0_101.jdk/Contents/Home/jre/lib/ext/localedata.jar:/Library/Java/JavaVirtualMachines/jdk1.8.0_101.jdk/Contents/Home/jre/lib/ext/nashorn.jar:/Library/Java/JavaVirtualMachines/jdk1.8.0_101.jdk/Contents/Home/jre/lib/ext/sunec.jar:/Library/Java/JavaVirtualMachines/jdk1.8.0_101.jdk/Contents/Home/jre/lib/ext/sunjce_provider.jar:/Library/Java/JavaVirtualMachines/jdk1.8.0_101.jdk/Contents/Home/jre/lib/ext/sunpkcs11.jar:/Library/Java/JavaVirtualMachines/jdk1.8.0_101.jdk/Contents/Home/jre/lib/ext/zipfs.jar:/Library/Java/JavaVirtualMachines/jdk1.8.0_101.jdk/Contents/Home/jre/lib/javaws.jar:/Library/Java/JavaVirtualMachines/jdk1.8.0_101.jdk/Contents/Home/jre/lib/jce.jar:/Library/Java/JavaVirtualMachines/jdk1.8.0_101.jdk/Contents/Home/jre/lib/jfr.jar:/Library/Java/JavaVirtualMachines/jdk1.8.0_101.jdk/Contents/Home/jre/lib/jfxswt.jar:/Library/Java/JavaVirtualMachines/jdk1.8.0_101.jdk/Contents/Home/jre/lib/jsse.jar:/Library/Java/JavaVirtualMachines/jdk1.8.0_101.jdk/Contents/Home/jre/lib/management-agent.jar:/Library/Java/JavaVirtualMachines/jdk1.8.0_101.jdk/Contents/Home/jre/lib/plugin.jar:/Library/Java/JavaVirtualMachines/jdk1.8.0_101.jdk/Contents/Home/jre/lib/resources.jar:/Library/Java/JavaVirtualMachines/jdk1.8.0_101.jdk/Contents/Home/jre/lib/rt.jar:/Library/Java/JavaVirtualMachines/jdk1.8.0_101.jdk/Contents/Home/lib/ant-javafx.jar:/Library/Java/JavaVirtualMachines/jdk1.8.0_101.jdk/Contents/Home
Launcher Type: SUN_STANDARD

Environment Variables:
PATH=/usr/local/bin:/usr/bin:/bin:/usr/sbin:/sbin
SHELL=/bin/zsh

Signal Handlers:
SIGSEGV: [libjvm.dylib+0x5af145], sa_mask[0]=11111111011111110111111111111111, sa_flags=SA_ONSTACK|SA_RESTART|SA_SIGINFO
SIGBUS: [libjvm.dylib+0x5af145], sa_mask[0]=11111111011111110111111111111111, sa_flags=SA_RESTART|SA_SIGINFO
SIGFPE: [libjvm.dylib+0x48694c], sa_mask[0]=11111111011111110111111111111111, sa_flags=SA_RESTART|SA_SIGINFO
SIGPIPE: [libjvm.dylib+0x48694c], sa_mask[0]=11111111011111110111111111111111, sa_flags=SA_RESTART|SA_SIGINFO
SIGXFSZ: [libjvm.dylib+0x48694c], sa_mask[0]=11111111011111110111111111111111, sa_flags=SA_RESTART|SA_SIGINFO
SIGILL: [libjvm.dylib+0x48694c], sa_mask[0]=11111111011111110111111111111111, sa_flags=SA_RESTART|SA_SIGINFO
SIGUSR1: SIG_DFL, sa_mask[0]=00000000000000000000000000000000, sa_flags=none
SIGUSR2: [libjvm.dylib+0x48646a], sa_mask[0]=00100000000000000000000000000000, sa_flags=SA_RESTART|SA_SIGINFO
SIGHUP: [libjvm.dylib+0x484a41], sa_mask[0]=11111111011111110111111111111111, sa_flags=SA_RESTART|SA_SIGINFO
SIGINT: [libjvm.dylib+0x484a41], sa_mask[0]=11111111011111110111111111111111, sa_flags=SA_RESTART|SA_SIGINFO
SIGTERM: [libjvm.dylib+0x484a41], sa_mask[0]=11111111011111110111111111111111, sa_flags=SA_RESTART|SA_SIGINFO
SIGQUIT: [libjvm.dylib+0x484a41], sa_mask[0]=11111111011111110111111111111111, sa_flags=SA_RESTART|SA_SIGINFO


---------------  S Y S T E M  ---------------

OS:Bsduname:Darwin 18.0.0 Darwin Kernel Version 18.0.0: Wed Aug 22 20:13:40 PDT 2018; root:xnu-4903.201.2~1/RELEASE_X86_64 x86_64
rlimit: STACK 8192k, CORE 0k, NPROC 1418, NOFILE 10240, AS infinity
load average:3.99 4.55 4.71

CPU:total 8 (4 cores per cpu, 2 threads per core) family 6 model 70 stepping 1, cmov, cx8, fxsr, mmx, sse, sse2, sse3, ssse3, sse4.1, sse4.2, popcnt, avx, avx2, aes, clmul, erms, lzcnt, ht, tsc, tscinvbit, bmi1, bmi2

Memory: 4k page, physical 16777216k(1198792k free)

/proc/meminfo:


vm_info: Java HotSpot(TM) 64-Bit Server VM (25.101-b13) for bsd-amd64 JRE (1.8.0_101-b13), built on Jun 22 2016 02:42:15 by "java_re" with gcc 4.2.1 (Based on Apple Inc. build 5658) (LLVM build 2336.11.00)

time: Sun Dec  2 17:38:43 2018
elapsed time: 1705 seconds (0d 0h 28m 25s)

